{"name": "test_failGetElementFromElements", "status": "failed", "statusDetails": {"message": "AssertionError", "trace": "self = <test_KWA_demo.test_KWA_Demo testMethod=test_failGetElementFromElements>\n\n    @qase.title('testFailGetElementFromElements')\n    def test_failGetElementFromElements(self):\n>       self.commands.testFailGetElementFromElements()\n\ntest_KWA_demo.py:36: \n_ _ _ _ _ _ _ _ _ _ _ _ _ _ _ _ _ _ _ _ _ _ _ _ _ _ _ _ _ _ _ _ _ _ _ _ _ _ _ _ _ _ _ _ _ _ _ _ _ _ _ _ _ _ _ _ _ _ _ _\n\nself = <KWA_demo_commands.DemoCommands object at 0x000001B04C983EE0>\n\n    def testFailGetElementFromElements(self):\n>       assert self.getElementFromElements('android.widget.TextView','class',123) != None\nE       AssertionError\n\nKWA_demo_commands.py:89: AssertionError"}, "attachments": [{"source": "182a99fd-d1c7-4519-a087-659b5b9aa5e3-attachment.png", "type": "image/png"}, {"name": "log", "source": "a5a5d4bd-ec5a-4429-9d82-5795e5ec76c2-attachment.txt", "type": "text/plain"}], "start": 1667219212429, "stop": 1667219213046, "uuid": "678bf890-354e-431e-92aa-740c31d69a1c", "historyId": "1d9f00635589844e623d88f7855ce8b5", "testCaseId": "1c58e00f91bafb36995aa591f1a74122", "fullName": "test_KWA_demo.test_KWA_Demo#test_failGetElementFromElements", "labels": [{"name": "tag", "value": "qase_title(title='testFailGetElementFromElements')"}, {"name": "tag", "value": "@pytest.mark.usefixtures('createClassDriver')"}, {"name": "suite", "value": "test_KWA_demo"}, {"name": "subSuite", "value": "test_KWA_Demo"}, {"name": "host", "value": "acer-laptop"}, {"name": "thread", "value": "12624-MainThread"}, {"name": "framework", "value": "pytest"}, {"name": "language", "value": "cpython3"}, {"name": "package", "value": "test_KWA_demo"}]}