{"name": "test_failGetElementFromElements", "status": "failed", "statusDetails": {"message": "AssertionError", "trace": "self = <test_KWA_demo.test_KWA_Demo testMethod=test_failGetElementFromElements>\n\n    @qase.title('testFailGetElementFromElements')\n    def test_failGetElementFromElements(self):\n>       self.commands.testFailGetElementFromElements()\n\ntest_KWA_demo.py:36: \n_ _ _ _ _ _ _ _ _ _ _ _ _ _ _ _ _ _ _ _ _ _ _ _ _ _ _ _ _ _ _ _ _ _ _ _ _ _ _ _ _ _ _ _ _ _ _ _ _ _ _ _ _ _ _ _ _ _ _ _\n\nself = <KWA_demo_commands.DemoCommands object at 0x000002B36C4F3E50>\n\n    def testFailGetElementFromElements(self):\n>       assert self.getElementFromElements('android.widget.TextView','class',123) != None\nE       AssertionError\n\nKWA_demo_commands.py:89: AssertionError"}, "attachments": [{"source": "9b0f1fc3-8e5c-4b65-a544-ba7d3f0e086b-attachment.png", "type": "image/png"}, {"name": "log", "source": "e7c65ce5-a5f9-491a-9607-0274942b8786-attachment.txt", "type": "text/plain"}], "start": 1667219789983, "stop": 1667219790524, "uuid": "f3647d3b-e6e9-4105-b5c5-cf9c2613a562", "historyId": "1d9f00635589844e623d88f7855ce8b5", "testCaseId": "1c58e00f91bafb36995aa591f1a74122", "fullName": "test_KWA_demo.test_KWA_Demo#test_failGetElementFromElements", "labels": [{"name": "tag", "value": "qase_title(title='testFailGetElementFromElements')"}, {"name": "tag", "value": "@pytest.mark.usefixtures('createClassDriver')"}, {"name": "suite", "value": "test_KWA_demo"}, {"name": "subSuite", "value": "test_KWA_Demo"}, {"name": "host", "value": "acer-laptop"}, {"name": "thread", "value": "17188-MainThread"}, {"name": "framework", "value": "pytest"}, {"name": "language", "value": "cpython3"}, {"name": "package", "value": "test_KWA_demo"}]}