{"name": "test_failGetElementFromElements", "status": "failed", "statusDetails": {"message": "AssertionError", "trace": "self = <test_KWA_demo.test_KWA_Demo testMethod=test_failGetElementFromElements>\n\n    @qase.title('testFailGetElementFromElements')\n    def test_failGetElementFromElements(self):\n>       self.commands.testFailGetElementFromElements()\n\ntest_KWA_demo.py:36: \n_ _ _ _ _ _ _ _ _ _ _ _ _ _ _ _ _ _ _ _ _ _ _ _ _ _ _ _ _ _ _ _ _ _ _ _ _ _ _ _ _ _ _ _ _ _ _ _ _ _ _ _ _ _ _ _ _ _ _ _\n\nself = <KWA_demo_commands.DemoCommands object at 0x000001F3F0B95F60>\n\n    def testFailGetElementFromElements(self):\n>       assert self.getElementFromElements('android.widget.TextView','class',123) != None\nE       AssertionError\n\nKWA_demo_commands.py:81: AssertionError"}, "attachments": [{"source": "bb0653a4-11e6-4046-8e7b-b88b2d6f0317-attachment.png", "type": "image/png"}, {"name": "log", "source": "f89912ea-fb79-4924-afe0-4cf2ecbb0ab4-attachment.txt", "type": "text/plain"}], "start": 1667218519698, "stop": 1667218520226, "uuid": "ec07742f-4cac-46bb-a23a-81ece62cc448", "historyId": "1d9f00635589844e623d88f7855ce8b5", "testCaseId": "1c58e00f91bafb36995aa591f1a74122", "fullName": "test_KWA_demo.test_KWA_Demo#test_failGetElementFromElements", "labels": [{"name": "tag", "value": "qase_title(title='testFailGetElementFromElements')"}, {"name": "tag", "value": "@pytest.mark.usefixtures('createClassDriver')"}, {"name": "suite", "value": "test_KWA_demo"}, {"name": "subSuite", "value": "test_KWA_Demo"}, {"name": "host", "value": "acer-laptop"}, {"name": "thread", "value": "3028-MainThread"}, {"name": "framework", "value": "pytest"}, {"name": "language", "value": "cpython3"}, {"name": "package", "value": "test_KWA_demo"}]}